[1773244478.970] INFO [spixelatuir::debug] Debug logging initialised — writing to spixelatuir-debug.log
[1773244478.971] INFO [spixelatuir] SpixelaTUIr starting (debug mode)
[1773244478.971] DEBUG [spixelatuir] Setting up terminal (raw mode + alternate screen)
[1773244478.972] INFO [spixelatuir] Entering main loop
[1773244478.972] INFO [spixelatuir::engine::worker] Worker thread started
[1773244487.335] DEBUG [spixelatuir::app] Key press: Char('o') (modifiers: KeyModifiers(0x0)) in mode Normal
[1773244487.931] DEBUG [spixelatuir::app] Key press: Down (modifiers: KeyModifiers(0x0)) in mode FileBrowser
[1773244488.078] DEBUG [spixelatuir::app] Key press: Down (modifiers: KeyModifiers(0x0)) in mode FileBrowser
[1773244488.224] DEBUG [spixelatuir::app] Key press: Down (modifiers: KeyModifiers(0x0)) in mode FileBrowser
[1773244488.347] DEBUG [spixelatuir::app] Key press: Down (modifiers: KeyModifiers(0x0)) in mode FileBrowser
[1773244488.686] DEBUG [spixelatuir::app] Key press: Enter (modifiers: KeyModifiers(0x0)) in mode FileBrowser
[1773244489.293] DEBUG [spixelatuir::app] Key press: Enter (modifiers: KeyModifiers(0x0)) in mode FileBrowser
[1773244489.293] INFO [spixelatuir::app] Loading image: /home/tommaso/projects/SpixelaTUIr/sample_images/beach_image.jpg
[1773244494.552] DEBUG [spixelatuir::app] Image loaded (4000x5328), creating proxy at 512px
[1773244495.346] DEBUG [spixelatuir::app] Dispatching process: 0 enabled effect(s), proxy 384x512
[1773244495.346] DEBUG [spixelatuir::engine::worker] Worker: applying pipeline (0 effects) to 384x512 image
[1773244495.346] DEBUG [spixelatuir::engine::worker] Worker: pipeline applied in 1.079µs
[1773244495.367] DEBUG [spixelatuir::app] Received processed frame from worker
[1773244495.368] DEBUG [spixelatuir::app] Preview updated (384x512)
[1773244513.739] DEBUG [spixelatuir::app] Key press: Char('r') (modifiers: KeyModifiers(0x0)) in mode Normal
[1773244513.739] DEBUG [spixelatuir::app] Dispatching process: 2 enabled effect(s), proxy 384x512
[1773244513.739] DEBUG [spixelatuir::engine::worker] Worker: applying pipeline (2 effects) to 384x512 image
[1773244513.739] DEBUG [spixelatuir::effects] Pipeline step 0: applying Glitch(Pixelate { block_size: 11 })
[1773244513.749] DEBUG [spixelatuir::effects] Pipeline step 0: completed in 9.522827ms
[1773244513.749] DEBUG [spixelatuir::effects] Pipeline step 1: applying Color(HueShift { degrees: 21.30702 })
[1773244513.764] DEBUG [spixelatuir::effects] Pipeline step 1: completed in 15.463563ms
[1773244513.765] DEBUG [spixelatuir::engine::worker] Worker: pipeline applied in 25.170792ms
[1773244513.770] DEBUG [spixelatuir::app] Received processed frame from worker
[1773244513.770] DEBUG [spixelatuir::app] Preview updated (384x512)
[1773244514.853] DEBUG [spixelatuir::app] Key press: Char('v') (modifiers: KeyModifiers(0x0)) in mode Normal
[1773244522.354] DEBUG [spixelatuir::app] Key press: Char('v') (modifiers: KeyModifiers(0x0)) in mode Normal
[1773244522.931] DEBUG [spixelatuir::app] Key press: Char('v') (modifiers: KeyModifiers(0x0)) in mode Normal
[1773244524.775] DEBUG [spixelatuir::app] Key press: Char('v') (modifiers: KeyModifiers(0x0)) in mode Normal
[1773244527.476] DEBUG [spixelatuir::app] Key press: Char('v') (modifiers: KeyModifiers(0x0)) in mode Normal
[1773244532.044] DEBUG [spixelatuir::app] Key press: Char('v') (modifiers: KeyModifiers(0x0)) in mode Normal
[1773244548.665] DEBUG [spixelatuir::app] Key press: Char('H') (modifiers: KeyModifiers(SHIFT)) in mode Normal
[1773244550.177] DEBUG [spixelatuir::app] Key press: Char('v') (modifiers: KeyModifiers(0x0)) in mode Normal
[1773244553.644] DEBUG [spixelatuir::app] Key press: Char('v') (modifiers: KeyModifiers(0x0)) in mode Normal
[1773244555.362] DEBUG [spixelatuir::app] Key press: Char('v') (modifiers: KeyModifiers(0x0)) in mode Normal
[1773244556.267] DEBUG [spixelatuir::app] Key press: Char('v') (modifiers: KeyModifiers(0x0)) in mode Normal
[1773244557.256] DEBUG [spixelatuir::app] Key press: Char('v') (modifiers: KeyModifiers(0x0)) in mode Normal
[1773244558.558] DEBUG [spixelatuir::app] Key press: Char('v') (modifiers: KeyModifiers(0x0)) in mode Normal
[1773244559.089] DEBUG [spixelatuir::app] Key press: Char('v') (modifiers: KeyModifiers(0x0)) in mode Normal
[1773244559.678] DEBUG [spixelatuir::app] Key press: Char('v') (modifiers: KeyModifiers(0x0)) in mode Normal
[1773244561.061] DEBUG [spixelatuir::app] Key press: Char('v') (modifiers: KeyModifiers(0x0)) in mode Normal
[1773244598.550] DEBUG [spixelatuir::app] Key press: Char('q') (modifiers: KeyModifiers(0x0)) in mode Normal
[1773244600.705] DEBUG [spixelatuir::app] Key press: Char('q') (modifiers: KeyModifiers(0x0)) in mode ConfirmQuit
[1773244603.542] DEBUG [spixelatuir::app] Key press: Char('n') (modifiers: KeyModifiers(0x0)) in mode ConfirmQuit
[1773244612.759] DEBUG [spixelatuir::app] Key press: Char('q') (modifiers: KeyModifiers(0x0)) in mode Normal
[1773244614.130] DEBUG [spixelatuir::app] Key press: Char('y') (modifiers: KeyModifiers(0x0)) in mode ConfirmQuit
[1773244614.130] INFO [spixelatuir::engine::worker] Worker thread shutting down
[1773244614.132] DEBUG [spixelatuir] Restoring terminal
[1773244614.132] INFO [spixelatuir] SpixelaTUIr exiting
[1773244956.632] INFO [spixelatuir::debug] Debug logging initialised — writing to spixelatuir-debug.log
[1773244956.632] INFO [spixelatuir] SpixelaTUIr starting (debug mode)
[1773244956.632] DEBUG [spixelatuir] Setting up terminal (raw mode + alternate screen)
[1773244956.633] INFO [spixelatuir] Entering main loop
[1773244956.633] INFO [spixelatuir::engine::worker] Worker thread started
[1773244990.066] DEBUG [spixelatuir::app] Key press: Char('o') (modifiers: KeyModifiers(0x0)) in mode Normal
[1773244992.058] DEBUG [spixelatuir::app] Key press: Down (modifiers: KeyModifiers(0x0)) in mode FileBrowser
[1773244992.227] DEBUG [spixelatuir::app] Key press: Down (modifiers: KeyModifiers(0x0)) in mode FileBrowser
[1773244992.384] DEBUG [spixelatuir::app] Key press: Down (modifiers: KeyModifiers(0x0)) in mode FileBrowser
[1773244994.757] DEBUG [spixelatuir::app] Key press: Down (modifiers: KeyModifiers(0x0)) in mode FileBrowser
[1773244995.332] DEBUG [spixelatuir::app] Key press: Enter (modifiers: KeyModifiers(0x0)) in mode FileBrowser
[1773244997.101] DEBUG [spixelatuir::app] Key press: Enter (modifiers: KeyModifiers(0x0)) in mode FileBrowser
[1773244997.101] INFO [spixelatuir::app] Loading image: /home/tommaso/projects/SpixelaTUIr/sample_images/beach_image.jpg
[1773245002.548] DEBUG [spixelatuir::app] Image loaded (4000x5328), creating proxy at 512px
[1773245003.440] DEBUG [spixelatuir::app] Dispatching process: 0 enabled effect(s), proxy 384x512
[1773245003.441] DEBUG [spixelatuir::engine::worker] Worker: applying pipeline (0 effects) to 384x512 image
[1773245003.441] DEBUG [spixelatuir::engine::worker] Worker: pipeline applied in 1.25µs
[1773245003.463] DEBUG [spixelatuir::app] Received processed frame from worker
[1773245003.463] DEBUG [spixelatuir::app] Preview updated (384x512)
[1773245003.465] DEBUG [spixelatuir::ui::canvas] Rendering processed preview in single-view mode
[1773245003.991] DEBUG [spixelatuir::ui::canvas] Rendering processed preview in single-view mode
[1773245004.031] DEBUG [spixelatuir::ui::canvas] Rendering processed preview in single-view mode
[1773245004.071] DEBUG [spixelatuir::ui::canvas] Rendering processed preview in single-view mode
[1773245004.111] DEBUG [spixelatuir::ui::canvas] Rendering processed preview in single-view mode
[1773245004.151] DEBUG [spixelatuir::ui::canvas] Rendering processed preview in single-view mode
[1773245004.191] DEBUG [spixelatuir::ui::canvas] Rendering processed preview in single-view mode
[1773245004.232] DEBUG [spixelatuir::ui::canvas] Rendering processed preview in single-view mode
[1773245004.273] DEBUG [spixelatuir::ui::canvas] Rendering processed preview in single-view mode
[1773245004.313] DEBUG [spixelatuir::ui::canvas] Rendering processed preview in single-view mode
[1773245004.353] DEBUG [spixelatuir::ui::canvas] Rendering processed preview in single-view mode
[1773245004.395] DEBUG [spixelatuir::ui::canvas] Rendering processed preview in single-view mode
[1773245004.436] DEBUG [spixelatuir::ui::canvas] Rendering processed preview in single-view mode
[1773245004.476] DEBUG [spixelatuir::ui::canvas] Rendering processed preview in single-view mode
[1773245004.517] DEBUG [spixelatuir::ui::canvas] Rendering processed preview in single-view mode
[1773245004.558] DEBUG [spixelatuir::ui::canvas] Rendering processed preview in single-view mode
[1773245004.598] DEBUG [spixelatuir::ui::canvas] Rendering processed preview in single-view mode
[1773245004.639] DEBUG [spixelatuir::ui::canvas] Rendering processed preview in single-view mode
[1773245004.680] DEBUG [spixelatuir::ui::canvas] Rendering processed preview in single-view mode
[1773245004.721] DEBUG [spixelatuir::ui::canvas] Rendering processed preview in single-view mode
[1773245004.761] DEBUG [spixelatuir::ui::canvas] Rendering processed preview in single-view mode
[1773245004.803] DEBUG [spixelatuir::ui::canvas] Rendering processed preview in single-view mode
[1773245004.845] DEBUG [spixelatuir::ui::canvas] Rendering processed preview in single-view mode
[1773245004.886] DEBUG [spixelatuir::ui::canvas] Rendering processed preview in single-view mode
[1773245004.926] DEBUG [spixelatuir::ui::canvas] Rendering processed preview in single-view mode
[1773245004.967] DEBUG [spixelatuir::ui::canvas] Rendering processed preview in single-view mode
[1773245005.007] DEBUG [spixelatuir::ui::canvas] Rendering processed preview in single-view mode
[1773245005.048] DEBUG [spixelatuir::ui::canvas] Rendering processed preview in single-view mode
[1773245005.089] DEBUG [spixelatuir::ui::canvas] Rendering processed preview in single-view mode
[1773245005.129] DEBUG [spixelatuir::ui::canvas] Rendering processed preview in single-view mode
[1773245005.171] DEBUG [spixelatuir::ui::canvas] Rendering processed preview in single-view mode
[1773245005.212] DEBUG [spixelatuir::ui::canvas] Rendering processed preview in single-view mode
[1773245005.254] DEBUG [spixelatuir::ui::canvas] Rendering processed preview in single-view mode
[1773245005.294] DEBUG [spixelatuir::ui::canvas] Rendering processed preview in single-view mode
[1773245005.336] DEBUG [spixelatuir::ui::canvas] Rendering processed preview in single-view mode
[1773245005.378] DEBUG [spixelatuir::ui::canvas] Rendering processed preview in single-view mode
[1773245005.419] DEBUG [spixelatuir::ui::canvas] Rendering processed preview in single-view mode
[1773245005.461] DEBUG [spixelatuir::ui::canvas] Rendering processed preview in single-view mode
[1773245005.503] DEBUG [spixelatuir::ui::canvas] Rendering processed preview in single-view mode
[1773245005.544] DEBUG [spixelatuir::ui::canvas] Rendering processed preview in single-view mode
[1773245005.586] DEBUG [spixelatuir::ui::canvas] Rendering processed preview in single-view mode
[1773245005.626] DEBUG [spixelatuir::ui::canvas] Rendering processed preview in single-view mode
[1773245005.667] DEBUG [spixelatuir::ui::canvas] Rendering processed preview in single-view mode
[1773245005.708] DEBUG [spixelatuir::ui::canvas] Rendering processed preview in single-view mode
[1773245005.749] DEBUG [spixelatuir::ui::canvas] Rendering processed preview in single-view mode
[1773245005.790] DEBUG [spixelatuir::ui::canvas] Rendering processed preview in single-view mode
[1773245005.831] DEBUG [spixelatuir::ui::canvas] Rendering processed preview in single-view mode
[1773245005.872] DEBUG [spixelatuir::ui::canvas] Rendering processed preview in single-view mode
[1773245005.912] DEBUG [spixelatuir::ui::canvas] Rendering processed preview in single-view mode
[1773245005.955] DEBUG [spixelatuir::ui::canvas] Rendering processed preview in single-view mode
[1773245005.996] DEBUG [spixelatuir::ui::canvas] Rendering processed preview in single-view mode
[1773245006.038] DEBUG [spixelatuir::ui::canvas] Rendering processed preview in single-view mode
[1773245006.080] DEBUG [spixelatuir::ui::canvas] Rendering processed preview in single-view mode
[1773245006.121] DEBUG [spixelatuir::ui::canvas] Rendering processed preview in single-view mode
[1773245006.166] DEBUG [spixelatuir::ui::canvas] Rendering processed preview in single-view mode
[1773245006.209] DEBUG [spixelatuir::ui::canvas] Rendering processed preview in single-view mode
[1773245006.250] DEBUG [spixelatuir::ui::canvas] Rendering processed preview in single-view mode
[1773245006.290] DEBUG [spixelatuir::ui::canvas] Rendering processed preview in single-view mode
[1773245006.330] DEBUG [spixelatuir::ui::canvas] Rendering processed preview in single-view mode
[1773245006.371] DEBUG [spixelatuir::ui::canvas] Rendering processed preview in single-view mode
[1773245006.412] DEBUG [spixelatuir::ui::canvas] Rendering processed preview in single-view mode
[1773245006.455] DEBUG [spixelatuir::ui::canvas] Rendering processed preview in single-view mode
[1773245006.495] DEBUG [spixelatuir::ui::canvas] Rendering processed preview in single-view mode
[1773245006.535] DEBUG [spixelatuir::ui::canvas] Rendering processed preview in single-view mode
[1773245006.576] DEBUG [spixelatuir::ui::canvas] Rendering processed preview in single-view mode
[1773245006.616] DEBUG [spixelatuir::ui::canvas] Rendering processed preview in single-view mode
[1773245006.657] DEBUG [spixelatuir::ui::canvas] Rendering processed preview in single-view mode
[1773245006.698] DEBUG [spixelatuir::ui::canvas] Rendering processed preview in single-view mode
[1773245006.738] DEBUG [spixelatuir::ui::canvas] Rendering processed preview in single-view mode
[1773245006.778] DEBUG [spixelatuir::ui::canvas] Rendering processed preview in single-view mode
[1773245006.819] DEBUG [spixelatuir::ui::canvas] Rendering processed preview in single-view mode
[1773245006.862] DEBUG [spixelatuir::ui::canvas] Rendering processed preview in single-view mode
[1773245006.903] DEBUG [spixelatuir::ui::canvas] Rendering processed preview in single-view mode
[1773245006.945] DEBUG [spixelatuir::ui::canvas] Rendering processed preview in single-view mode
[1773245006.986] DEBUG [spixelatuir::ui::canvas] Rendering processed preview in single-view mode
[1773245007.026] DEBUG [spixelatuir::ui::canvas] Rendering processed preview in single-view mode
[1773245007.067] DEBUG [spixelatuir::ui::canvas] Rendering processed preview in single-view mode
[1773245007.108] DEBUG [spixelatuir::ui::canvas] Rendering processed preview in single-view mode
[1773245007.149] DEBUG [spixelatuir::ui::canvas] Rendering processed preview in single-view mode
[1773245007.189] DEBUG [spixelatuir::ui::canvas] Rendering processed preview in single-view mode
[1773245007.230] DEBUG [spixelatuir::ui::canvas] Rendering processed preview in single-view mode
[1773245007.270] DEBUG [spixelatuir::ui::canvas] Rendering processed preview in single-view mode
[1773245007.310] DEBUG [spixelatuir::ui::canvas] Rendering processed preview in single-view mode
[1773245007.351] DEBUG [spixelatuir::ui::canvas] Rendering processed preview in single-view mode
[1773245007.392] DEBUG [spixelatuir::ui::canvas] Rendering processed preview in single-view mode
[1773245007.435] DEBUG [spixelatuir::ui::canvas] Rendering processed preview in single-view mode
[1773245007.477] DEBUG [spixelatuir::ui::canvas] Rendering processed preview in single-view mode
[1773245007.517] DEBUG [spixelatuir::ui::canvas] Rendering processed preview in single-view mode
[1773245007.558] DEBUG [spixelatuir::ui::canvas] Rendering processed preview in single-view mode
[1773245007.598] DEBUG [spixelatuir::ui::canvas] Rendering processed preview in single-view mode
[1773245007.638] DEBUG [spixelatuir::ui::canvas] Rendering processed preview in single-view mode
[1773245007.679] DEBUG [spixelatuir::ui::canvas] Rendering processed preview in single-view mode
[1773245007.720] DEBUG [spixelatuir::ui::canvas] Rendering processed preview in single-view mode
[1773245007.760] DEBUG [spixelatuir::ui::canvas] Rendering processed preview in single-view mode
[1773245007.801] DEBUG [spixelatuir::ui::canvas] Rendering processed preview in single-view mode
[1773245007.841] DEBUG [spixelatuir::ui::canvas] Rendering processed preview in single-view mode
[1773245007.882] DEBUG [spixelatuir::ui::canvas] Rendering processed preview in single-view mode
[1773245007.922] DEBUG [spixelatuir::ui::canvas] Rendering processed preview in single-view mode
[1773245007.963] DEBUG [spixelatuir::ui::canvas] Rendering processed preview in single-view mode
[1773245008.003] DEBUG [spixelatuir::ui::canvas] Rendering processed preview in single-view mode
[1773245008.044] DEBUG [spixelatuir::ui::canvas] Rendering processed preview in single-view mode
[1773245008.084] DEBUG [spixelatuir::ui::canvas] Rendering processed preview in single-view mode
[1773245008.125] DEBUG [spixelatuir::ui::canvas] Rendering processed preview in single-view mode
[1773245008.166] DEBUG [spixelatuir::ui::canvas] Rendering processed preview in single-view mode
[1773245008.206] DEBUG [spixelatuir::ui::canvas] Rendering processed preview in single-view mode
[1773245008.247] DEBUG [spixelatuir::ui::canvas] Rendering processed preview in single-view mode
[1773245008.288] DEBUG [spixelatuir::ui::canvas] Rendering processed preview in single-view mode
[1773245008.328] DEBUG [spixelatuir::ui::canvas] Rendering processed preview in single-view mode
[1773245008.368] DEBUG [spixelatuir::ui::canvas] Rendering processed preview in single-view mode
[1773245008.408] DEBUG [spixelatuir::ui::canvas] Rendering processed preview in single-view mode
[1773245008.448] DEBUG [spixelatuir::ui::canvas] Rendering processed preview in single-view mode
[1773245008.489] DEBUG [spixelatuir::ui::canvas] Rendering processed preview in single-view mode
[1773245008.529] DEBUG [spixelatuir::ui::canvas] Rendering processed preview in single-view mode
[1773245008.569] DEBUG [spixelatuir::ui::canvas] Rendering processed preview in single-view mode
[1773245008.609] DEBUG [spixelatuir::ui::canvas] Rendering processed preview in single-view mode
[1773245008.650] DEBUG [spixelatuir::ui::canvas] Rendering processed preview in single-view mode
[1773245008.691] DEBUG [spixelatuir::ui::canvas] Rendering processed preview in single-view mode
[1773245008.731] DEBUG [spixelatuir::ui::canvas] Rendering processed preview in single-view mode
[1773245008.772] DEBUG [spixelatuir::ui::canvas] Rendering processed preview in single-view mode
[1773245008.812] DEBUG [spixelatuir::ui::canvas] Rendering processed preview in single-view mode
[1773245008.854] DEBUG [spixelatuir::ui::canvas] Rendering processed preview in single-view mode
[1773245008.896] DEBUG [spixelatuir::ui::canvas] Rendering processed preview in single-view mode
[1773245008.937] DEBUG [spixelatuir::ui::canvas] Rendering processed preview in single-view mode
[1773245008.979] DEBUG [spixelatuir::ui::canvas] Rendering processed preview in single-view mode
[1773245009.019] DEBUG [spixelatuir::ui::canvas] Rendering processed preview in single-view mode
[1773245009.059] DEBUG [spixelatuir::ui::canvas] Rendering processed preview in single-view mode
[1773245009.099] DEBUG [spixelatuir::ui::canvas] Rendering processed preview in single-view mode
[1773245009.140] DEBUG [spixelatuir::ui::canvas] Rendering processed preview in single-view mode
[1773245009.180] DEBUG [spixelatuir::ui::canvas] Rendering processed preview in single-view mode
[1773245009.221] DEBUG [spixelatuir::ui::canvas] Rendering processed preview in single-view mode
[1773245009.261] DEBUG [spixelatuir::ui::canvas] Rendering processed preview in single-view mode
[1773245009.302] DEBUG [spixelatuir::ui::canvas] Rendering processed preview in single-view mode
[1773245009.342] DEBUG [spixelatuir::ui::canvas] Rendering processed preview in single-view mode
[1773245009.382] DEBUG [spixelatuir::ui::canvas] Rendering processed preview in single-view mode
[1773245009.423] DEBUG [spixelatuir::ui::canvas] Rendering processed preview in single-view mode
[1773245009.463] DEBUG [spixelatuir::ui::canvas] Rendering processed preview in single-view mode
[1773245009.505] DEBUG [spixelatuir::ui::canvas] Rendering processed preview in single-view mode
[1773245009.545] DEBUG [spixelatuir::ui::canvas] Rendering processed preview in single-view mode
[1773245009.586] DEBUG [spixelatuir::ui::canvas] Rendering processed preview in single-view mode
[1773245009.627] DEBUG [spixelatuir::ui::canvas] Rendering processed preview in single-view mode
[1773245009.668] DEBUG [spixelatuir::ui::canvas] Rendering processed preview in single-view mode
[1773245009.708] DEBUG [spixelatuir::ui::canvas] Rendering processed preview in single-view mode
[1773245009.749] DEBUG [spixelatuir::ui::canvas] Rendering processed preview in single-view mode
[1773245009.789] DEBUG [spixelatuir::ui::canvas] Rendering processed preview in single-view mode
[1773245009.830] DEBUG [spixelatuir::ui::canvas] Rendering processed preview in single-view mode
[1773245009.870] DEBUG [spixelatuir::ui::canvas] Rendering processed preview in single-view mode
[1773245009.910] DEBUG [spixelatuir::ui::canvas] Rendering processed preview in single-view mode
[1773245009.950] DEBUG [spixelatuir::ui::canvas] Rendering processed preview in single-view mode
[1773245009.991] DEBUG [spixelatuir::ui::canvas] Rendering processed preview in single-view mode
[1773245010.030] DEBUG [spixelatuir::ui::canvas] Rendering processed preview in single-view mode
[1773245010.071] DEBUG [spixelatuir::ui::canvas] Rendering processed preview in single-view mode
[1773245010.112] DEBUG [spixelatuir::ui::canvas] Rendering processed preview in single-view mode
[1773245010.153] DEBUG [spixelatuir::ui::canvas] Rendering processed preview in single-view mode
[1773245010.193] DEBUG [spixelatuir::ui::canvas] Rendering processed preview in single-view mode
[1773245010.235] DEBUG [spixelatuir::ui::canvas] Rendering processed preview in single-view mode
[1773245010.275] DEBUG [spixelatuir::ui::canvas] Rendering processed preview in single-view mode
[1773245010.316] DEBUG [spixelatuir::ui::canvas] Rendering processed preview in single-view mode
[1773245010.356] DEBUG [spixelatuir::ui::canvas] Rendering processed preview in single-view mode
[1773245010.396] DEBUG [spixelatuir::ui::canvas] Rendering processed preview in single-view mode
[1773245010.437] DEBUG [spixelatuir::ui::canvas] Rendering processed preview in single-view mode
[1773245010.477] DEBUG [spixelatuir::ui::canvas] Rendering processed preview in single-view mode
[1773245010.518] DEBUG [spixelatuir::ui::canvas] Rendering processed preview in single-view mode
[1773245010.558] DEBUG [spixelatuir::ui::canvas] Rendering processed preview in single-view mode
[1773245010.599] DEBUG [spixelatuir::ui::canvas] Rendering processed preview in single-view mode
[1773245010.639] DEBUG [spixelatuir::ui::canvas] Rendering processed preview in single-view mode
[1773245010.680] DEBUG [spixelatuir::ui::canvas] Rendering processed preview in single-view mode
[1773245010.720] DEBUG [spixelatuir::ui::canvas] Rendering processed preview in single-view mode
[1773245010.761] DEBUG [spixelatuir::ui::canvas] Rendering processed preview in single-view mode
[1773245010.801] DEBUG [spixelatuir::ui::canvas] Rendering processed preview in single-view mode
[1773245010.841] DEBUG [spixelatuir::ui::canvas] Rendering processed preview in single-view mode
[1773245010.881] DEBUG [spixelatuir::ui::canvas] Rendering processed preview in single-view mode
[1773245010.922] DEBUG [spixelatuir::ui::canvas] Rendering processed preview in single-view mode
[1773245010.964] DEBUG [spixelatuir::ui::canvas] Rendering processed preview in single-view mode
[1773245011.004] DEBUG [spixelatuir::ui::canvas] Rendering processed preview in single-view mode
[1773245011.044] DEBUG [spixelatuir::ui::canvas] Rendering processed preview in single-view mode
[1773245011.085] DEBUG [spixelatuir::ui::canvas] Rendering processed preview in single-view mode
[1773245011.124] DEBUG [spixelatuir::ui::canvas] Rendering processed preview in single-view mode
[1773245011.166] DEBUG [spixelatuir::ui::canvas] Rendering processed preview in single-view mode
[1773245011.206] DEBUG [spixelatuir::ui::canvas] Rendering processed preview in single-view mode
[1773245011.247] DEBUG [spixelatuir::ui::canvas] Rendering processed preview in single-view mode
[1773245011.287] DEBUG [spixelatuir::ui::canvas] Rendering processed preview in single-view mode
[1773245011.327] DEBUG [spixelatuir::ui::canvas] Rendering processed preview in single-view mode
[1773245011.367] DEBUG [spixelatuir::ui::canvas] Rendering processed preview in single-view mode
[1773245011.407] DEBUG [spixelatuir::ui::canvas] Rendering processed preview in single-view mode
[1773245011.447] DEBUG [spixelatuir::ui::canvas] Rendering processed preview in single-view mode
[1773245011.489] DEBUG [spixelatuir::ui::canvas] Rendering processed preview in single-view mode
[1773245011.529] DEBUG [spixelatuir::ui::canvas] Rendering processed preview in single-view mode
[1773245011.570] DEBUG [spixelatuir::ui::canvas] Rendering processed preview in single-view mode
[1773245011.609] DEBUG [spixelatuir::ui::canvas] Rendering processed preview in single-view mode
[1773245011.650] DEBUG [spixelatuir::ui::canvas] Rendering processed preview in single-view mode
[1773245011.690] DEBUG [spixelatuir::ui::canvas] Rendering processed preview in single-view mode
[1773245011.729] DEBUG [spixelatuir::ui::canvas] Rendering processed preview in single-view mode
[1773245011.769] DEBUG [spixelatuir::ui::canvas] Rendering processed preview in single-view mode
[1773245011.810] DEBUG [spixelatuir::ui::canvas] Rendering processed preview in single-view mode
[1773245011.850] DEBUG [spixelatuir::ui::canvas] Rendering processed preview in single-view mode
[1773245011.891] DEBUG [spixelatuir::ui::canvas] Rendering processed preview in single-view mode
[1773245011.930] DEBUG [spixelatuir::ui::canvas] Rendering processed preview in single-view mode
[1773245011.970] DEBUG [spixelatuir::ui::canvas] Rendering processed preview in single-view mode
[1773245012.010] DEBUG [spixelatuir::ui::canvas] Rendering processed preview in single-view mode
[1773245012.051] DEBUG [spixelatuir::ui::canvas] Rendering processed preview in single-view mode
[1773245012.092] DEBUG [spixelatuir::ui::canvas] Rendering processed preview in single-view mode
[1773245012.132] DEBUG [spixelatuir::ui::canvas] Rendering processed preview in single-view mode
[1773245012.173] DEBUG [spixelatuir::ui::canvas] Rendering processed preview in single-view mode
[1773245012.212] DEBUG [spixelatuir::ui::canvas] Rendering processed preview in single-view mode
[1773245012.253] DEBUG [spixelatuir::ui::canvas] Rendering processed preview in single-view mode
[1773245012.293] DEBUG [spixelatuir::ui::canvas] Rendering processed preview in single-view mode
[1773245012.336] DEBUG [spixelatuir::ui::canvas] Rendering processed preview in single-view mode
[1773245012.376] DEBUG [spixelatuir::ui::canvas] Rendering processed preview in single-view mode
[1773245012.416] DEBUG [spixelatuir::ui::canvas] Rendering processed preview in single-view mode
[1773245012.455] DEBUG [spixelatuir::ui::canvas] Rendering processed preview in single-view mode
[1773245012.495] DEBUG [spixelatuir::ui::canvas] Rendering processed preview in single-view mode
[1773245012.535] DEBUG [spixelatuir::ui::canvas] Rendering processed preview in single-view mode
[1773245012.575] DEBUG [spixelatuir::ui::canvas] Rendering processed preview in single-view mode
[1773245012.615] DEBUG [spixelatuir::ui::canvas] Rendering processed preview in single-view mode
[1773245012.656] DEBUG [spixelatuir::ui::canvas] Rendering processed preview in single-view mode
[1773245012.696] DEBUG [spixelatuir::ui::canvas] Rendering processed preview in single-view mode
[1773245012.736] DEBUG [spixelatuir::ui::canvas] Rendering processed preview in single-view mode
[1773245012.776] DEBUG [spixelatuir::ui::canvas] Rendering processed preview in single-view mode
[1773245012.816] DEBUG [spixelatuir::ui::canvas] Rendering processed preview in single-view mode
[1773245012.856] DEBUG [spixelatuir::ui::canvas] Rendering processed preview in single-view mode
[1773245012.896] DEBUG [spixelatuir::ui::canvas] Rendering processed preview in single-view mode
[1773245012.919] DEBUG [spixelatuir::app] Key press: Char('v') (modifiers: KeyModifiers(0x0)) in mode Normal
[1773245015.778] DEBUG [spixelatuir::app] Key press: Char('v') (modifiers: KeyModifiers(0x0)) in mode Normal
[1773245015.779] DEBUG [spixelatuir::ui::canvas] Rendering processed preview in single-view mode
[1773245015.842] DEBUG [spixelatuir::ui::canvas] Rendering processed preview in single-view mode
[1773245015.885] DEBUG [spixelatuir::ui::canvas] Rendering processed preview in single-view mode
[1773245015.928] DEBUG [spixelatuir::ui::canvas] Rendering processed preview in single-view mode
[1773245015.971] DEBUG [spixelatuir::ui::canvas] Rendering processed preview in single-view mode
[1773245016.012] DEBUG [spixelatuir::ui::canvas] Rendering processed preview in single-view mode
[1773245016.053] DEBUG [spixelatuir::ui::canvas] Rendering processed preview in single-view mode
[1773245016.095] DEBUG [spixelatuir::ui::canvas] Rendering processed preview in single-view mode
[1773245016.135] DEBUG [spixelatuir::ui::canvas] Rendering processed preview in single-view mode
[1773245016.175] DEBUG [spixelatuir::ui::canvas] Rendering processed preview in single-view mode
[1773245016.215] DEBUG [spixelatuir::ui::canvas] Rendering processed preview in single-view mode
[1773245016.257] DEBUG [spixelatuir::ui::canvas] Rendering processed preview in single-view mode
[1773245016.298] DEBUG [spixelatuir::ui::canvas] Rendering processed preview in single-view mode
[1773245016.338] DEBUG [spixelatuir::ui::canvas] Rendering processed preview in single-view mode
[1773245016.379] DEBUG [spixelatuir::ui::canvas] Rendering processed preview in single-view mode
[1773245016.420] DEBUG [spixelatuir::ui::canvas] Rendering processed preview in single-view mode
[1773245016.462] DEBUG [spixelatuir::ui::canvas] Rendering processed preview in single-view mode
[1773245016.505] DEBUG [spixelatuir::ui::canvas] Rendering processed preview in single-view mode
[1773245016.545] DEBUG [spixelatuir::ui::canvas] Rendering processed preview in single-view mode
[1773245016.586] DEBUG [spixelatuir::ui::canvas] Rendering processed preview in single-view mode
[1773245016.626] DEBUG [spixelatuir::ui::canvas] Rendering processed preview in single-view mode
[1773245016.667] DEBUG [spixelatuir::ui::canvas] Rendering processed preview in single-view mode
[1773245016.708] DEBUG [spixelatuir::ui::canvas] Rendering processed preview in single-view mode
[1773245016.748] DEBUG [spixelatuir::ui::canvas] Rendering processed preview in single-view mode
[1773245016.789] DEBUG [spixelatuir::ui::canvas] Rendering processed preview in single-view mode
[1773245016.830] DEBUG [spixelatuir::ui::canvas] Rendering processed preview in single-view mode
[1773245016.872] DEBUG [spixelatuir::ui::canvas] Rendering processed preview in single-view mode
[1773245016.913] DEBUG [spixelatuir::ui::canvas] Rendering processed preview in single-view mode
[1773245016.954] DEBUG [spixelatuir::ui::canvas] Rendering processed preview in single-view mode
[1773245016.996] DEBUG [spixelatuir::ui::canvas] Rendering processed preview in single-view mode
[1773245017.038] DEBUG [spixelatuir::ui::canvas] Rendering processed preview in single-view mode
[1773245017.079] DEBUG [spixelatuir::ui::canvas] Rendering processed preview in single-view mode
[1773245017.122] DEBUG [spixelatuir::ui::canvas] Rendering processed preview in single-view mode
[1773245017.163] DEBUG [spixelatuir::ui::canvas] Rendering processed preview in single-view mode
[1773245017.203] DEBUG [spixelatuir::ui::canvas] Rendering processed preview in single-view mode
[1773245017.246] DEBUG [spixelatuir::ui::canvas] Rendering processed preview in single-view mode
[1773245017.286] DEBUG [spixelatuir::ui::canvas] Rendering processed preview in single-view mode
[1773245017.326] DEBUG [spixelatuir::ui::canvas] Rendering processed preview in single-view mode
[1773245017.367] DEBUG [spixelatuir::ui::canvas] Rendering processed preview in single-view mode
[1773245017.410] DEBUG [spixelatuir::ui::canvas] Rendering processed preview in single-view mode
[1773245017.451] DEBUG [spixelatuir::ui::canvas] Rendering processed preview in single-view mode
[1773245017.491] DEBUG [spixelatuir::ui::canvas] Rendering processed preview in single-view mode
[1773245017.532] DEBUG [spixelatuir::ui::canvas] Rendering processed preview in single-view mode
[1773245017.572] DEBUG [spixelatuir::ui::canvas] Rendering processed preview in single-view mode
[1773245017.614] DEBUG [spixelatuir::ui::canvas] Rendering processed preview in single-view mode
[1773245017.655] DEBUG [spixelatuir::ui::canvas] Rendering processed preview in single-view mode
[1773245017.695] DEBUG [spixelatuir::ui::canvas] Rendering processed preview in single-view mode
[1773245017.735] DEBUG [spixelatuir::ui::canvas] Rendering processed preview in single-view mode
[1773245017.775] DEBUG [spixelatuir::ui::canvas] Rendering processed preview in single-view mode
[1773245017.818] DEBUG [spixelatuir::ui::canvas] Rendering processed preview in single-view mode
[1773245017.860] DEBUG [spixelatuir::ui::canvas] Rendering processed preview in single-view mode
[1773245017.903] DEBUG [spixelatuir::ui::canvas] Rendering processed preview in single-view mode
[1773245017.944] DEBUG [spixelatuir::ui::canvas] Rendering processed preview in single-view mode
[1773245017.984] DEBUG [spixelatuir::ui::canvas] Rendering processed preview in single-view mode
[1773245018.024] DEBUG [spixelatuir::ui::canvas] Rendering processed preview in single-view mode
[1773245018.064] DEBUG [spixelatuir::ui::canvas] Rendering processed preview in single-view mode
[1773245018.105] DEBUG [spixelatuir::ui::canvas] Rendering processed preview in single-view mode
[1773245018.145] DEBUG [spixelatuir::ui::canvas] Rendering processed preview in single-view mode
[1773245018.186] DEBUG [spixelatuir::ui::canvas] Rendering processed preview in single-view mode
[1773245018.212] DEBUG [spixelatuir::app] Key press: Char('v') (modifiers: KeyModifiers(0x0)) in mode Normal
[1773245020.592] DEBUG [spixelatuir::app] Key press: Char('v') (modifiers: KeyModifiers(0x0)) in mode Normal
[1773245020.593] DEBUG [spixelatuir::ui::canvas] Rendering processed preview in single-view mode
[1773245020.655] DEBUG [spixelatuir::ui::canvas] Rendering processed preview in single-view mode
[1773245020.696] DEBUG [spixelatuir::ui::canvas] Rendering processed preview in single-view mode
[1773245020.737] DEBUG [spixelatuir::ui::canvas] Rendering processed preview in single-view mode
[1773245020.778] DEBUG [spixelatuir::ui::canvas] Rendering processed preview in single-view mode
[1773245020.818] DEBUG [spixelatuir::ui::canvas] Rendering processed preview in single-view mode
[1773245020.858] DEBUG [spixelatuir::ui::canvas] Rendering processed preview in single-view mode
[1773245020.899] DEBUG [spixelatuir::ui::canvas] Rendering processed preview in single-view mode
[1773245020.940] DEBUG [spixelatuir::ui::canvas] Rendering processed preview in single-view mode
[1773245020.980] DEBUG [spixelatuir::ui::canvas] Rendering processed preview in single-view mode
[1773245021.021] DEBUG [spixelatuir::ui::canvas] Rendering processed preview in single-view mode
[1773245021.061] DEBUG [spixelatuir::ui::canvas] Rendering processed preview in single-view mode
[1773245021.103] DEBUG [spixelatuir::ui::canvas] Rendering processed preview in single-view mode
[1773245021.143] DEBUG [spixelatuir::ui::canvas] Rendering processed preview in single-view mode
[1773245021.183] DEBUG [spixelatuir::ui::canvas] Rendering processed preview in single-view mode
[1773245021.225] DEBUG [spixelatuir::ui::canvas] Rendering processed preview in single-view mode
[1773245021.265] DEBUG [spixelatuir::ui::canvas] Rendering processed preview in single-view mode
[1773245021.306] DEBUG [spixelatuir::ui::canvas] Rendering processed preview in single-view mode
[1773245021.346] DEBUG [spixelatuir::ui::canvas] Rendering processed preview in single-view mode
[1773245021.386] DEBUG [spixelatuir::ui::canvas] Rendering processed preview in single-view mode
[1773245021.426] DEBUG [spixelatuir::ui::canvas] Rendering processed preview in single-view mode
[1773245021.467] DEBUG [spixelatuir::ui::canvas] Rendering processed preview in single-view mode
[1773245021.507] DEBUG [spixelatuir::ui::canvas] Rendering processed preview in single-view mode
[1773245021.547] DEBUG [spixelatuir::ui::canvas] Rendering processed preview in single-view mode
[1773245021.587] DEBUG [spixelatuir::ui::canvas] Rendering processed preview in single-view mode
[1773245021.628] DEBUG [spixelatuir::ui::canvas] Rendering processed preview in single-view mode
[1773245021.668] DEBUG [spixelatuir::ui::canvas] Rendering processed preview in single-view mode
[1773245021.708] DEBUG [spixelatuir::ui::canvas] Rendering processed preview in single-view mode
[1773245021.748] DEBUG [spixelatuir::ui::canvas] Rendering processed preview in single-view mode
[1773245021.788] DEBUG [spixelatuir::ui::canvas] Rendering processed preview in single-view mode
[1773245021.828] DEBUG [spixelatuir::ui::canvas] Rendering processed preview in single-view mode
[1773245021.870] DEBUG [spixelatuir::ui::canvas] Rendering processed preview in single-view mode
[1773245021.910] DEBUG [spixelatuir::ui::canvas] Rendering processed preview in single-view mode
[1773245021.950] DEBUG [spixelatuir::ui::canvas] Rendering processed preview in single-view mode
[1773245021.991] DEBUG [spixelatuir::ui::canvas] Rendering processed preview in single-view mode
[1773245022.031] DEBUG [spixelatuir::ui::canvas] Rendering processed preview in single-view mode
[1773245022.072] DEBUG [spixelatuir::ui::canvas] Rendering processed preview in single-view mode
[1773245022.112] DEBUG [spixelatuir::ui::canvas] Rendering processed preview in single-view mode
[1773245022.154] DEBUG [spixelatuir::ui::canvas] Rendering processed preview in single-view mode
[1773245022.196] DEBUG [spixelatuir::ui::canvas] Rendering processed preview in single-view mode
[1773245022.238] DEBUG [spixelatuir::ui::canvas] Rendering processed preview in single-view mode
[1773245022.278] DEBUG [spixelatuir::ui::canvas] Rendering processed preview in single-view mode
[1773245022.318] DEBUG [spixelatuir::ui::canvas] Rendering processed preview in single-view mode
[1773245022.359] DEBUG [spixelatuir::ui::canvas] Rendering processed preview in single-view mode
[1773245022.400] DEBUG [spixelatuir::ui::canvas] Rendering processed preview in single-view mode
[1773245022.440] DEBUG [spixelatuir::ui::canvas] Rendering processed preview in single-view mode
[1773245022.480] DEBUG [spixelatuir::ui::canvas] Rendering processed preview in single-view mode
[1773245022.521] DEBUG [spixelatuir::ui::canvas] Rendering processed preview in single-view mode
[1773245022.562] DEBUG [spixelatuir::ui::canvas] Rendering processed preview in single-view mode
[1773245022.602] DEBUG [spixelatuir::ui::canvas] Rendering processed preview in single-view mode
[1773245022.642] DEBUG [spixelatuir::ui::canvas] Rendering processed preview in single-view mode
[1773245022.683] DEBUG [spixelatuir::ui::canvas] Rendering processed preview in single-view mode
[1773245022.723] DEBUG [spixelatuir::ui::canvas] Rendering processed preview in single-view mode
[1773245022.764] DEBUG [spixelatuir::ui::canvas] Rendering processed preview in single-view mode
[1773245022.804] DEBUG [spixelatuir::ui::canvas] Rendering processed preview in single-view mode
[1773245022.844] DEBUG [spixelatuir::ui::canvas] Rendering processed preview in single-view mode
[1773245022.884] DEBUG [spixelatuir::ui::canvas] Rendering processed preview in single-view mode
[1773245022.925] DEBUG [spixelatuir::ui::canvas] Rendering processed preview in single-view mode
[1773245022.965] DEBUG [spixelatuir::ui::canvas] Rendering processed preview in single-view mode
[1773245023.006] DEBUG [spixelatuir::ui::canvas] Rendering processed preview in single-view mode
[1773245023.047] DEBUG [spixelatuir::ui::canvas] Rendering processed preview in single-view mode
[1773245023.071] DEBUG [spixelatuir::app] Key press: Tab (modifiers: KeyModifiers(0x0)) in mode Normal
[1773245023.072] DEBUG [spixelatuir::ui::canvas] Rendering processed preview in single-view mode
[1773245023.098] DEBUG [spixelatuir::app] Key press: Right (modifiers: KeyModifiers(0x0)) in mode Normal
[1773245023.099] DEBUG [spixelatuir::ui::canvas] Rendering processed preview in single-view mode
[1773245023.140] DEBUG [spixelatuir::ui::canvas] Rendering processed preview in single-view mode
[1773245023.180] DEBUG [spixelatuir::ui::canvas] Rendering processed preview in single-view mode
[1773245023.220] DEBUG [spixelatuir::ui::canvas] Rendering processed preview in single-view mode
[1773245023.263] DEBUG [spixelatuir::ui::canvas] Rendering processed preview in single-view mode
[1773245023.307] DEBUG [spixelatuir::ui::canvas] Rendering processed preview in single-view mode
[1773245023.348] DEBUG [spixelatuir::ui::canvas] Rendering processed preview in single-view mode
[1773245023.388] DEBUG [spixelatuir::ui::canvas] Rendering processed preview in single-view mode
[1773245023.428] DEBUG [spixelatuir::ui::canvas] Rendering processed preview in single-view mode
[1773245023.469] DEBUG [spixelatuir::ui::canvas] Rendering processed preview in single-view mode
[1773245023.509] DEBUG [spixelatuir::ui::canvas] Rendering processed preview in single-view mode
[1773245023.549] DEBUG [spixelatuir::ui::canvas] Rendering processed preview in single-view mode
[1773245023.588] DEBUG [spixelatuir::ui::canvas] Rendering processed preview in single-view mode
[1773245023.628] DEBUG [spixelatuir::ui::canvas] Rendering processed preview in single-view mode
[1773245023.669] DEBUG [spixelatuir::ui::canvas] Rendering processed preview in single-view mode
[1773245023.711] DEBUG [spixelatuir::ui::canvas] Rendering processed preview in single-view mode
[1773245023.753] DEBUG [spixelatuir::ui::canvas] Rendering processed preview in single-view mode
[1773245023.795] DEBUG [spixelatuir::ui::canvas] Rendering processed preview in single-view mode
[1773245023.838] DEBUG [spixelatuir::ui::canvas] Rendering processed preview in single-view mode
[1773245023.878] DEBUG [spixelatuir::ui::canvas] Rendering processed preview in single-view mode
[1773245023.920] DEBUG [spixelatuir::ui::canvas] Rendering processed preview in single-view mode
[1773245023.961] DEBUG [spixelatuir::ui::canvas] Rendering processed preview in single-view mode
[1773245024.002] DEBUG [spixelatuir::ui::canvas] Rendering processed preview in single-view mode
[1773245024.042] DEBUG [spixelatuir::ui::canvas] Rendering processed preview in single-view mode
[1773245024.081] DEBUG [spixelatuir::ui::canvas] Rendering processed preview in single-view mode
[1773245024.121] DEBUG [spixelatuir::ui::canvas] Rendering processed preview in single-view mode
[1773245024.160] DEBUG [spixelatuir::ui::canvas] Rendering processed preview in single-view mode
[1773245024.200] DEBUG [spixelatuir::ui::canvas] Rendering processed preview in single-view mode
[1773245024.241] DEBUG [spixelatuir::ui::canvas] Rendering processed preview in single-view mode
[1773245024.281] DEBUG [spixelatuir::ui::canvas] Rendering processed preview in single-view mode
[1773245024.321] DEBUG [spixelatuir::ui::canvas] Rendering processed preview in single-view mode
[1773245024.363] DEBUG [spixelatuir::ui::canvas] Rendering processed preview in single-view mode
[1773245024.402] DEBUG [spixelatuir::app] Key press: Tab (modifiers: KeyModifiers(0x0)) in mode Normal
[1773245024.402] DEBUG [spixelatuir::ui::canvas] Rendering processed preview in single-view mode
[1773245024.445] DEBUG [spixelatuir::ui::canvas] Rendering processed preview in single-view mode
[1773245024.470] DEBUG [spixelatuir::app] Key press: Left (modifiers: KeyModifiers(0x0)) in mode Normal
[1773245024.470] DEBUG [spixelatuir::ui::canvas] Rendering processed preview in single-view mode
[1773245024.513] DEBUG [spixelatuir::ui::canvas] Rendering processed preview in single-view mode
[1773245024.555] DEBUG [spixelatuir::ui::canvas] Rendering processed preview in single-view mode
[1773245024.597] DEBUG [spixelatuir::ui::canvas] Rendering processed preview in single-view mode
[1773245024.637] DEBUG [spixelatuir::ui::canvas] Rendering processed preview in single-view mode
[1773245024.679] DEBUG [spixelatuir::ui::canvas] Rendering processed preview in single-view mode
[1773245024.720] DEBUG [spixelatuir::ui::canvas] Rendering processed preview in single-view mode
[1773245024.760] DEBUG [spixelatuir::ui::canvas] Rendering processed preview in single-view mode
[1773245024.799] DEBUG [spixelatuir::ui::canvas] Rendering processed preview in single-view mode
[1773245024.839] DEBUG [spixelatuir::ui::canvas] Rendering processed preview in single-view mode
[1773245024.879] DEBUG [spixelatuir::ui::canvas] Rendering processed preview in single-view mode
[1773245024.919] DEBUG [spixelatuir::ui::canvas] Rendering processed preview in single-view mode
[1773245024.959] DEBUG [spixelatuir::ui::canvas] Rendering processed preview in single-view mode
[1773245024.999] DEBUG [spixelatuir::ui::canvas] Rendering processed preview in single-view mode
[1773245025.039] DEBUG [spixelatuir::ui::canvas] Rendering processed preview in single-view mode
[1773245025.079] DEBUG [spixelatuir::ui::canvas] Rendering processed preview in single-view mode
[1773245025.120] DEBUG [spixelatuir::ui::canvas] Rendering processed preview in single-view mode
[1773245025.160] DEBUG [spixelatuir::ui::canvas] Rendering processed preview in single-view mode
[1773245025.199] DEBUG [spixelatuir::ui::canvas] Rendering processed preview in single-view mode
[1773245025.240] DEBUG [spixelatuir::ui::canvas] Rendering processed preview in single-view mode
[1773245025.280] DEBUG [spixelatuir::ui::canvas] Rendering processed preview in single-view mode
[1773245025.322] DEBUG [spixelatuir::ui::canvas] Rendering processed preview in single-view mode
[1773245025.362] DEBUG [spixelatuir::ui::canvas] Rendering processed preview in single-view mode
[1773245025.402] DEBUG [spixelatuir::ui::canvas] Rendering processed preview in single-view mode
[1773245025.442] DEBUG [spixelatuir::ui::canvas] Rendering processed preview in single-view mode
[1773245025.482] DEBUG [spixelatuir::ui::canvas] Rendering processed preview in single-view mode
[1773245025.522] DEBUG [spixelatuir::ui::canvas] Rendering processed preview in single-view mode
[1773245025.562] DEBUG [spixelatuir::ui::canvas] Rendering processed preview in single-view mode
[1773245025.602] DEBUG [spixelatuir::ui::canvas] Rendering processed preview in single-view mode
[1773245025.641] DEBUG [spixelatuir::ui::canvas] Rendering processed preview in single-view mode
[1773245025.664] DEBUG [spixelatuir::app] Key press: Tab (modifiers: KeyModifiers(0x0)) in mode Normal
[1773245025.665] DEBUG [spixelatuir::ui::canvas] Rendering processed preview in single-view mode
[1773245025.706] DEBUG [spixelatuir::ui::canvas] Rendering processed preview in single-view mode
[1773245025.731] DEBUG [spixelatuir::app] Key press: Right (modifiers: KeyModifiers(0x0)) in mode Normal
[1773245025.731] DEBUG [spixelatuir::ui::canvas] Rendering processed preview in single-view mode
[1773245025.772] DEBUG [spixelatuir::ui::canvas] Rendering processed preview in single-view mode
[1773245025.812] DEBUG [spixelatuir::ui::canvas] Rendering processed preview in single-view mode
[1773245025.852] DEBUG [spixelatuir::ui::canvas] Rendering processed preview in single-view mode
[1773245025.892] DEBUG [spixelatuir::ui::canvas] Rendering processed preview in single-view mode
[1773245025.932] DEBUG [spixelatuir::ui::canvas] Rendering processed preview in single-view mode
[1773245025.973] DEBUG [spixelatuir::ui::canvas] Rendering processed preview in single-view mode
[1773245026.013] DEBUG [spixelatuir::ui::canvas] Rendering processed preview in single-view mode
[1773245026.053] DEBUG [spixelatuir::ui::canvas] Rendering processed preview in single-view mode
[1773245026.094] DEBUG [spixelatuir::ui::canvas] Rendering processed preview in single-view mode
[1773245026.134] DEBUG [spixelatuir::ui::canvas] Rendering processed preview in single-view mode
[1773245026.174] DEBUG [spixelatuir::ui::canvas] Rendering processed preview in single-view mode
[1773245026.214] DEBUG [spixelatuir::ui::canvas] Rendering processed preview in single-view mode
[1773245026.254] DEBUG [spixelatuir::ui::canvas] Rendering processed preview in single-view mode
[1773245026.294] DEBUG [spixelatuir::ui::canvas] Rendering processed preview in single-view mode
[1773245026.334] DEBUG [spixelatuir::ui::canvas] Rendering processed preview in single-view mode
[1773245026.374] DEBUG [spixelatuir::ui::canvas] Rendering processed preview in single-view mode
[1773245026.414] DEBUG [spixelatuir::ui::canvas] Rendering processed preview in single-view mode
[1773245026.454] DEBUG [spixelatuir::ui::canvas] Rendering processed preview in single-view mode
[1773245026.494] DEBUG [spixelatuir::ui::canvas] Rendering processed preview in single-view mode
[1773245026.518] DEBUG [spixelatuir::app] Key press: Tab (modifiers: KeyModifiers(0x0)) in mode Normal
[1773245026.519] DEBUG [spixelatuir::ui::canvas] Rendering processed preview in single-view mode
[1773245026.559] DEBUG [spixelatuir::ui::canvas] Rendering processed preview in single-view mode
[1773245026.599] DEBUG [spixelatuir::ui::canvas] Rendering processed preview in single-view mode
[1773245026.639] DEBUG [spixelatuir::ui::canvas] Rendering processed preview in single-view mode
[1773245026.679] DEBUG [spixelatuir::ui::canvas] Rendering processed preview in single-view mode
[1773245026.719] DEBUG [spixelatuir::ui::canvas] Rendering processed preview in single-view mode
[1773245026.759] DEBUG [spixelatuir::ui::canvas] Rendering processed preview in single-view mode
[1773245026.799] DEBUG [spixelatuir::ui::canvas] Rendering processed preview in single-view mode
[1773245026.839] DEBUG [spixelatuir::ui::canvas] Rendering processed preview in single-view mode
[1773245026.879] DEBUG [spixelatuir::ui::canvas] Rendering processed preview in single-view mode
[1773245026.919] DEBUG [spixelatuir::ui::canvas] Rendering processed preview in single-view mode
[1773245026.958] DEBUG [spixelatuir::ui::canvas] Rendering processed preview in single-view mode
[1773245026.998] DEBUG [spixelatuir::ui::canvas] Rendering processed preview in single-view mode
[1773245027.038] DEBUG [spixelatuir::ui::canvas] Rendering processed preview in single-view mode
[1773245027.078] DEBUG [spixelatuir::ui::canvas] Rendering processed preview in single-view mode
[1773245027.118] DEBUG [spixelatuir::ui::canvas] Rendering processed preview in single-view mode
[1773245027.158] DEBUG [spixelatuir::ui::canvas] Rendering processed preview in single-view mode
[1773245027.199] DEBUG [spixelatuir::ui::canvas] Rendering processed preview in single-view mode
[1773245027.242] DEBUG [spixelatuir::ui::canvas] Rendering processed preview in single-view mode
[1773245027.282] DEBUG [spixelatuir::ui::canvas] Rendering processed preview in single-view mode
[1773245027.321] DEBUG [spixelatuir::ui::canvas] Rendering processed preview in single-view mode
[1773245027.365] DEBUG [spixelatuir::ui::canvas] Rendering processed preview in single-view mode
[1773245027.405] DEBUG [spixelatuir::ui::canvas] Rendering processed preview in single-view mode
[1773245027.446] DEBUG [spixelatuir::ui::canvas] Rendering processed preview in single-view mode
[1773245027.473] DEBUG [spixelatuir::app] Key press: Tab (modifiers: KeyModifiers(0x0)) in mode Normal
[1773245027.474] DEBUG [spixelatuir::ui::canvas] Rendering processed preview in single-view mode
[1773245027.514] DEBUG [spixelatuir::ui::canvas] Rendering processed preview in single-view mode
[1773245027.554] DEBUG [spixelatuir::ui::canvas] Rendering processed preview in single-view mode
[1773245027.594] DEBUG [spixelatuir::ui::canvas] Rendering processed preview in single-view mode
[1773245027.636] DEBUG [spixelatuir::ui::canvas] Rendering processed preview in single-view mode
[1773245027.679] DEBUG [spixelatuir::ui::canvas] Rendering processed preview in single-view mode
[1773245027.721] DEBUG [spixelatuir::ui::canvas] Rendering processed preview in single-view mode
[1773245027.764] DEBUG [spixelatuir::ui::canvas] Rendering processed preview in single-view mode
[1773245027.805] DEBUG [spixelatuir::ui::canvas] Rendering processed preview in single-view mode
[1773245027.848] DEBUG [spixelatuir::ui::canvas] Rendering processed preview in single-view mode
[1773245027.889] DEBUG [spixelatuir::ui::canvas] Rendering processed preview in single-view mode
[1773245027.930] DEBUG [spixelatuir::ui::canvas] Rendering processed preview in single-view mode
[1773245027.970] DEBUG [spixelatuir::ui::canvas] Rendering processed preview in single-view mode
[1773245028.010] DEBUG [spixelatuir::ui::canvas] Rendering processed preview in single-view mode
[1773245028.050] DEBUG [spixelatuir::ui::canvas] Rendering processed preview in single-view mode
[1773245028.091] DEBUG [spixelatuir::ui::canvas] Rendering processed preview in single-view mode
[1773245028.130] DEBUG [spixelatuir::ui::canvas] Rendering processed preview in single-view mode
[1773245028.171] DEBUG [spixelatuir::ui::canvas] Rendering processed preview in single-view mode
[1773245028.210] DEBUG [spixelatuir::ui::canvas] Rendering processed preview in single-view mode
[1773245028.251] DEBUG [spixelatuir::ui::canvas] Rendering processed preview in single-view mode
[1773245028.284] DEBUG [spixelatuir::app] Key press: Char('v') (modifiers: KeyModifiers(0x0)) in mode Normal
[1773245030.512] DEBUG [spixelatuir::app] Key press: Char('v') (modifiers: KeyModifiers(0x0)) in mode Normal
[1773245030.512] DEBUG [spixelatuir::ui::canvas] Rendering processed preview in single-view mode
[1773245030.573] DEBUG [spixelatuir::ui::canvas] Rendering processed preview in single-view mode
[1773245030.614] DEBUG [spixelatuir::ui::canvas] Rendering processed preview in single-view mode
[1773245030.654] DEBUG [spixelatuir::ui::canvas] Rendering processed preview in single-view mode
[1773245030.694] DEBUG [spixelatuir::ui::canvas] Rendering processed preview in single-view mode
[1773245030.734] DEBUG [spixelatuir::ui::canvas] Rendering processed preview in single-view mode
[1773245030.774] DEBUG [spixelatuir::ui::canvas] Rendering processed preview in single-view mode
[1773245030.814] DEBUG [spixelatuir::ui::canvas] Rendering processed preview in single-view mode
[1773245030.854] DEBUG [spixelatuir::ui::canvas] Rendering processed preview in single-view mode
[1773245030.894] DEBUG [spixelatuir::ui::canvas] Rendering processed preview in single-view mode
[1773245030.934] DEBUG [spixelatuir::ui::canvas] Rendering processed preview in single-view mode
[1773245030.975] DEBUG [spixelatuir::ui::canvas] Rendering processed preview in single-view mode
[1773245031.014] DEBUG [spixelatuir::ui::canvas] Rendering processed preview in single-view mode
[1773245031.054] DEBUG [spixelatuir::ui::canvas] Rendering processed preview in single-view mode
[1773245031.094] DEBUG [spixelatuir::ui::canvas] Rendering processed preview in single-view mode
[1773245031.134] DEBUG [spixelatuir::ui::canvas] Rendering processed preview in single-view mode
[1773245031.174] DEBUG [spixelatuir::ui::canvas] Rendering processed preview in single-view mode
[1773245031.215] DEBUG [spixelatuir::ui::canvas] Rendering processed preview in single-view mode
[1773245031.255] DEBUG [spixelatuir::ui::canvas] Rendering processed preview in single-view mode
[1773245031.296] DEBUG [spixelatuir::ui::canvas] Rendering processed preview in single-view mode
[1773245031.337] DEBUG [spixelatuir::ui::canvas] Rendering processed preview in single-view mode
[1773245031.377] DEBUG [spixelatuir::ui::canvas] Rendering processed preview in single-view mode
[1773245031.417] DEBUG [spixelatuir::ui::canvas] Rendering processed preview in single-view mode
[1773245031.459] DEBUG [spixelatuir::ui::canvas] Rendering processed preview in single-view mode
[1773245031.500] DEBUG [spixelatuir::ui::canvas] Rendering processed preview in single-view mode
[1773245031.540] DEBUG [spixelatuir::ui::canvas] Rendering processed preview in single-view mode
[1773245031.581] DEBUG [spixelatuir::ui::canvas] Rendering processed preview in single-view mode
[1773245031.622] DEBUG [spixelatuir::ui::canvas] Rendering processed preview in single-view mode
[1773245031.662] DEBUG [spixelatuir::ui::canvas] Rendering processed preview in single-view mode
[1773245031.702] DEBUG [spixelatuir::ui::canvas] Rendering processed preview in single-view mode
[1773245031.744] DEBUG [spixelatuir::ui::canvas] Rendering processed preview in single-view mode
[1773245031.785] DEBUG [spixelatuir::ui::canvas] Rendering processed preview in single-view mode
[1773245031.826] DEBUG [spixelatuir::ui::canvas] Rendering processed preview in single-view mode
[1773245031.868] DEBUG [spixelatuir::ui::canvas] Rendering processed preview in single-view mode
[1773245031.909] DEBUG [spixelatuir::ui::canvas] Rendering processed preview in single-view mode
[1773245031.950] DEBUG [spixelatuir::ui::canvas] Rendering processed preview in single-view mode
[1773245031.989] DEBUG [spixelatuir::ui::canvas] Rendering processed preview in single-view mode
[1773245032.029] DEBUG [spixelatuir::ui::canvas] Rendering processed preview in single-view mode
[1773245032.069] DEBUG [spixelatuir::ui::canvas] Rendering processed preview in single-view mode
[1773245032.109] DEBUG [spixelatuir::ui::canvas] Rendering processed preview in single-view mode
[1773245032.149] DEBUG [spixelatuir::ui::canvas] Rendering processed preview in single-view mode
[1773245032.190] DEBUG [spixelatuir::ui::canvas] Rendering processed preview in single-view mode
[1773245032.231] DEBUG [spixelatuir::ui::canvas] Rendering processed preview in single-view mode
[1773245032.272] DEBUG [spixelatuir::ui::canvas] Rendering processed preview in single-view mode
[1773245032.313] DEBUG [spixelatuir::ui::canvas] Rendering processed preview in single-view mode
[1773245032.353] DEBUG [spixelatuir::ui::canvas] Rendering processed preview in single-view mode
[1773245032.393] DEBUG [spixelatuir::ui::canvas] Rendering processed preview in single-view mode
[1773245032.434] DEBUG [spixelatuir::ui::canvas] Rendering processed preview in single-view mode
[1773245032.474] DEBUG [spixelatuir::ui::canvas] Rendering processed preview in single-view mode
[1773245032.514] DEBUG [spixelatuir::ui::canvas] Rendering processed preview in single-view mode
[1773245032.555] DEBUG [spixelatuir::ui::canvas] Rendering processed preview in single-view mode
[1773245032.595] DEBUG [spixelatuir::ui::canvas] Rendering processed preview in single-view mode
[1773245032.636] DEBUG [spixelatuir::ui::canvas] Rendering processed preview in single-view mode
[1773245032.677] DEBUG [spixelatuir::ui::canvas] Rendering processed preview in single-view mode
[1773245032.718] DEBUG [spixelatuir::ui::canvas] Rendering processed preview in single-view mode
[1773245032.758] DEBUG [spixelatuir::ui::canvas] Rendering processed preview in single-view mode
[1773245032.798] DEBUG [spixelatuir::ui::canvas] Rendering processed preview in single-view mode
[1773245032.839] DEBUG [spixelatuir::ui::canvas] Rendering processed preview in single-view mode
[1773245032.879] DEBUG [spixelatuir::ui::canvas] Rendering processed preview in single-view mode
[1773245032.919] DEBUG [spixelatuir::ui::canvas] Rendering processed preview in single-view mode
[1773245032.960] DEBUG [spixelatuir::ui::canvas] Rendering processed preview in single-view mode
[1773245033.001] DEBUG [spixelatuir::ui::canvas] Rendering processed preview in single-view mode
[1773245033.041] DEBUG [spixelatuir::ui::canvas] Rendering processed preview in single-view mode
[1773245033.081] DEBUG [spixelatuir::ui::canvas] Rendering processed preview in single-view mode
[1773245033.107] DEBUG [spixelatuir::app] Key press: Char('q') (modifiers: KeyModifiers(0x0)) in mode Normal
[1773245033.107] INFO [spixelatuir::engine::worker] Worker thread shutting down
[1773245033.109] DEBUG [spixelatuir] Restoring terminal
[1773245033.110] INFO [spixelatuir] SpixelaTUIr exiting
[1773245375.688] INFO [spixelatuir::debug] Debug logging initialised — writing to spixelatuir-debug.log
[1773245375.688] INFO [spixelatuir] SpixelaTUIr starting (debug mode)
[1773245375.688] DEBUG [spixelatuir] Setting up terminal (raw mode + alternate screen)
[1773245375.689] INFO [spixelatuir] Entering main loop
[1773245375.689] INFO [spixelatuir::engine::worker] Worker thread started
[1773245378.270] DEBUG [spixelatuir::app] Key press: Char('o') (modifiers: KeyModifiers(0x0)) in mode Normal
[1773245378.865] DEBUG [spixelatuir::app] Key press: Down (modifiers: KeyModifiers(0x0)) in mode FileBrowser
[1773245379.012] DEBUG [spixelatuir::app] Key press: Down (modifiers: KeyModifiers(0x0)) in mode FileBrowser
[1773245379.135] DEBUG [spixelatuir::app] Key press: Down (modifiers: KeyModifiers(0x0)) in mode FileBrowser
[1773245379.619] DEBUG [spixelatuir::app] Key press: Down (modifiers: KeyModifiers(0x0)) in mode FileBrowser
[1773245380.286] DEBUG [spixelatuir::app] Key press: Enter (modifiers: KeyModifiers(0x0)) in mode FileBrowser
[1773245381.318] DEBUG [spixelatuir::app] Key press: Enter (modifiers: KeyModifiers(0x0)) in mode FileBrowser
[1773245381.318] INFO [spixelatuir::app] Loading image: /home/tommaso/projects/SpixelaTUIr/sample_images/beach_image.jpg
[1773245386.642] DEBUG [spixelatuir::app] Image loaded (4000x5328), creating proxy at 512px
[1773245387.440] DEBUG [spixelatuir::app] Dispatching process: 0 enabled effect(s), proxy 384x512
[1773245387.440] DEBUG [spixelatuir::engine::worker] Worker: applying pipeline (0 effects) to 384x512 image
[1773245387.440] DEBUG [spixelatuir::engine::worker] Worker: pipeline applied in 1.668µs
[1773245387.463] DEBUG [spixelatuir::app] Received processed frame from worker
[1773245387.463] DEBUG [spixelatuir::app] Preview updated (384x512)
[1773245387.465] DEBUG [spixelatuir::ui::canvas] Rendering processed preview in single-view mode
[1773245392.817] DEBUG [spixelatuir::app] Key press: Char('r') (modifiers: KeyModifiers(0x0)) in mode Normal
[1773245392.817] DEBUG [spixelatuir::app] Dispatching process: 2 enabled effect(s), proxy 384x512
[1773245392.817] DEBUG [spixelatuir::engine::worker] Worker: applying pipeline (2 effects) to 384x512 image
[1773245392.817] DEBUG [spixelatuir::effects] Pipeline step 0: applying Color(Contrast { factor: 0.7239229 })
[1773245392.832] DEBUG [spixelatuir::effects] Pipeline step 0: completed in 14.960822ms
[1773245392.832] DEBUG [spixelatuir::effects] Pipeline step 1: applying Color(Saturation { factor: 0.790241 })
[1773245392.846] DEBUG [spixelatuir::effects] Pipeline step 1: completed in 14.335042ms
[1773245392.846] DEBUG [spixelatuir::engine::worker] Worker: pipeline applied in 29.46921ms
[1773245392.856] DEBUG [spixelatuir::app] Received processed frame from worker
[1773245392.856] DEBUG [spixelatuir::app] Preview updated (384x512)
[1773245393.280] DEBUG [spixelatuir::ui::canvas] Rendering processed preview in single-view mode
[1773245397.001] DEBUG [spixelatuir::app] Key press: Char('r') (modifiers: KeyModifiers(0x0)) in mode Normal
[1773245397.001] DEBUG [spixelatuir::app] Dispatching process: 3 enabled effect(s), proxy 384x512
[1773245397.001] DEBUG [spixelatuir::engine::worker] Worker: applying pipeline (3 effects) to 384x512 image
[1773245397.001] DEBUG [spixelatuir::effects] Pipeline step 0: applying Color(Invert)
[1773245397.011] DEBUG [spixelatuir::effects] Pipeline step 0: completed in 9.490792ms
[1773245397.011] DEBUG [spixelatuir::effects] Pipeline step 1: applying Color(Saturation { factor: 0.6676331 })
[1773245397.026] DEBUG [spixelatuir::effects] Pipeline step 1: completed in 14.794419ms
[1773245397.026] DEBUG [spixelatuir::effects] Pipeline step 2: applying Color(Saturation { factor: 0.38769877 })
[1773245397.040] DEBUG [spixelatuir::effects] Pipeline step 2: completed in 14.240549ms
[1773245397.040] DEBUG [spixelatuir::engine::worker] Worker: pipeline applied in 38.724463ms
[1773245397.040] DEBUG [spixelatuir::app] Received processed frame from worker
[1773245397.040] DEBUG [spixelatuir::app] Preview updated (384x512)
[1773245397.447] DEBUG [spixelatuir::ui::canvas] Rendering processed preview in single-view mode
[1773245398.205] DEBUG [spixelatuir::app] Key press: Char('r') (modifiers: KeyModifiers(0x0)) in mode Normal
[1773245398.205] DEBUG [spixelatuir::app] Dispatching process: 3 enabled effect(s), proxy 384x512
[1773245398.206] DEBUG [spixelatuir::engine::worker] Worker: applying pipeline (3 effects) to 384x512 image
[1773245398.206] DEBUG [spixelatuir::effects] Pipeline step 0: applying Color(Contrast { factor: 0.53182167 })
[1773245398.220] DEBUG [spixelatuir::effects] Pipeline step 0: completed in 14.322114ms
[1773245398.220] DEBUG [spixelatuir::effects] Pipeline step 1: applying Color(Saturation { factor: 0.11355915 })
[1773245398.235] DEBUG [spixelatuir::effects] Pipeline step 1: completed in 14.448419ms
[1773245398.235] DEBUG [spixelatuir::effects] Pipeline step 2: applying Color(Saturation { factor: 0.36648217 })
[1773245398.249] DEBUG [spixelatuir::effects] Pipeline step 2: completed in 14.791107ms
[1773245398.249] DEBUG [spixelatuir::engine::worker] Worker: pipeline applied in 43.843587ms
[1773245398.265] DEBUG [spixelatuir::app] Received processed frame from worker
[1773245398.265] DEBUG [spixelatuir::app] Preview updated (384x512)
[1773245398.622] DEBUG [spixelatuir::ui::canvas] Rendering processed preview in single-view mode
[1773245399.094] DEBUG [spixelatuir::app] Key press: Char('r') (modifiers: KeyModifiers(0x0)) in mode Normal
[1773245399.094] DEBUG [spixelatuir::app] Dispatching process: 2 enabled effect(s), proxy 384x512
[1773245399.094] DEBUG [spixelatuir::engine::worker] Worker: applying pipeline (2 effects) to 384x512 image
[1773245399.094] DEBUG [spixelatuir::effects] Pipeline step 0: applying Color(ColorQuantization { levels: 4 })
[1773245399.109] DEBUG [spixelatuir::effects] Pipeline step 0: completed in 14.404398ms
[1773245399.109] DEBUG [spixelatuir::effects] Pipeline step 1: applying Color(HueShift { degrees: 11.782091 })
[1773245399.122] DEBUG [spixelatuir::effects] Pipeline step 1: completed in 12.928309ms
[1773245399.122] DEBUG [spixelatuir::engine::worker] Worker: pipeline applied in 27.5215ms
[1773245399.134] DEBUG [spixelatuir::app] Received processed frame from worker
[1773245399.134] DEBUG [spixelatuir::app] Preview updated (384x512)
[1773245399.483] DEBUG [spixelatuir::ui::canvas] Rendering processed preview in single-view mode
[1773245400.117] DEBUG [spixelatuir::app] Key press: Char('r') (modifiers: KeyModifiers(0x0)) in mode Normal
[1773245400.117] DEBUG [spixelatuir::app] Dispatching process: 2 enabled effect(s), proxy 384x512
[1773245400.117] DEBUG [spixelatuir::engine::worker] Worker: applying pipeline (2 effects) to 384x512 image
[1773245400.117] DEBUG [spixelatuir::effects] Pipeline step 0: applying Glitch(Pixelate { block_size: 9 })
[1773245400.127] DEBUG [spixelatuir::effects] Pipeline step 0: completed in 9.379094ms
[1773245400.127] DEBUG [spixelatuir::effects] Pipeline step 1: applying Color(Saturation { factor: 0.8113768 })
[1773245400.141] DEBUG [spixelatuir::effects] Pipeline step 1: completed in 14.04919ms
[1773245400.141] DEBUG [spixelatuir::engine::worker] Worker: pipeline applied in 23.58531ms
[1773245400.157] DEBUG [spixelatuir::app] Received processed frame from worker
[1773245400.157] DEBUG [spixelatuir::app] Preview updated (384x512)
[1773245400.543] DEBUG [spixelatuir::ui::canvas] Rendering processed preview in single-view mode
[1773245402.593] DEBUG [spixelatuir::app] Key press: Char('q') (modifiers: KeyModifiers(0x0)) in mode Normal
[1773245404.134] DEBUG [spixelatuir::app] Key press: Char('y') (modifiers: KeyModifiers(0x0)) in mode ConfirmQuit
[1773245404.134] INFO [spixelatuir::engine::worker] Worker thread shutting down
[1773245404.136] DEBUG [spixelatuir] Restoring terminal
[1773245404.136] INFO [spixelatuir] SpixelaTUIr exiting
[1773245645.343] INFO [spixelatuir::debug] Debug logging initialised — writing to spixelatuir-debug.log
[1773245645.343] INFO [spixelatuir] SpixelaTUIr starting (debug mode)
[1773245645.343] DEBUG [spixelatuir] Setting up terminal (raw mode + alternate screen)
[1773245645.344] INFO [spixelatuir] Entering main loop
[1773245645.344] INFO [spixelatuir::engine::worker] Worker thread started
[1773245646.321] DEBUG [spixelatuir::app] Key press: Char('o') (modifiers: KeyModifiers(0x0)) in mode Normal
[1773245646.861] DEBUG [spixelatuir::app] Key press: Down (modifiers: KeyModifiers(0x0)) in mode FileBrowser
[1773245647.017] DEBUG [spixelatuir::app] Key press: Down (modifiers: KeyModifiers(0x0)) in mode FileBrowser
[1773245647.129] DEBUG [spixelatuir::app] Key press: Down (modifiers: KeyModifiers(0x0)) in mode FileBrowser
[1773245647.286] DEBUG [spixelatuir::app] Key press: Down (modifiers: KeyModifiers(0x0)) in mode FileBrowser
[1773245647.579] DEBUG [spixelatuir::app] Key press: Enter (modifiers: KeyModifiers(0x0)) in mode FileBrowser
[1773245648.186] DEBUG [spixelatuir::app] Key press: Enter (modifiers: KeyModifiers(0x0)) in mode FileBrowser
[1773245648.187] INFO [spixelatuir::app] Loading image: /home/tommaso/projects/SpixelaTUIr/sample_images/beach_image.jpg
[1773245653.592] DEBUG [spixelatuir::app] Image loaded (4000x5328), creating proxy at 512px
[1773245654.412] DEBUG [spixelatuir::app] Dispatching process: 0 enabled effect(s), proxy 384x512
[1773245654.413] DEBUG [spixelatuir::engine::worker] Worker: applying pipeline (0 effects) to 384x512 image
[1773245654.413] DEBUG [spixelatuir::engine::worker] Worker: pipeline applied in 1.097µs
[1773245654.419] DEBUG [spixelatuir::app] Received processed frame from worker
[1773245654.419] DEBUG [spixelatuir::app] Preview updated (384x512)
[1773245654.437] DEBUG [spixelatuir::ui::canvas] Rendering processed preview in single-view mode
[1773245657.876] DEBUG [spixelatuir::app] Key press: Tab (modifiers: KeyModifiers(0x0)) in mode Normal
[1773245657.878] DEBUG [spixelatuir::ui::canvas] Rendering processed preview in single-view mode
[1773245658.854] DEBUG [spixelatuir::app] Key press: Char('r') (modifiers: KeyModifiers(0x0)) in mode Normal
[1773245658.854] DEBUG [spixelatuir::app] Dispatching process: 3 enabled effect(s), proxy 384x512
[1773245658.854] DEBUG [spixelatuir::engine::worker] Worker: applying pipeline (3 effects) to 384x512 image
[1773245658.855] DEBUG [spixelatuir::effects] Pipeline step 0: applying Color(HueShift { degrees: 42.6772 })
[1773245658.877] DEBUG [spixelatuir::effects] Pipeline step 0: completed in 22.707936ms
[1773245658.877] DEBUG [spixelatuir::effects] Pipeline step 1: applying Color(Saturation { factor: 0.39867723 })
[1773245658.892] DEBUG [spixelatuir::effects] Pipeline step 1: completed in 14.455069ms
[1773245658.892] DEBUG [spixelatuir::effects] Pipeline step 2: applying Color(Contrast { factor: 1.0954858 })
[1773245658.903] DEBUG [spixelatuir::effects] Pipeline step 2: completed in 10.85458ms
[1773245658.903] DEBUG [spixelatuir::engine::worker] Worker: pipeline applied in 48.322213ms
[1773245658.903] DEBUG [spixelatuir::app] Received processed frame from worker
[1773245658.903] DEBUG [spixelatuir::app] Preview updated (384x512)
[1773245659.371] DEBUG [spixelatuir::ui::canvas] Rendering processed preview in single-view mode
[1773245660.179] DEBUG [spixelatuir::app] Key press: Tab (modifiers: KeyModifiers(0x0)) in mode Normal
[1773245660.180] DEBUG [spixelatuir::ui::canvas] Rendering processed preview in single-view mode
[1773245661.541] DEBUG [spixelatuir::app] Key press: Char('v') (modifiers: KeyModifiers(0x0)) in mode Normal
[1773245663.635] DEBUG [spixelatuir::app] Key press: Char('r') (modifiers: KeyModifiers(0x0)) in mode Normal
[1773245663.636] DEBUG [spixelatuir::app] Dispatching process: 2 enabled effect(s), proxy 384x512
[1773245663.636] DEBUG [spixelatuir::engine::worker] Worker: applying pipeline (2 effects) to 384x512 image
[1773245663.637] DEBUG [spixelatuir::effects] Pipeline step 0: applying Color(Saturation { factor: 0.5707587 })
[1773245663.670] DEBUG [spixelatuir::effects] Pipeline step 0: completed in 33.209704ms
[1773245663.670] DEBUG [spixelatuir::effects] Pipeline step 1: applying Color(Invert)
[1773245663.676] DEBUG [spixelatuir::effects] Pipeline step 1: completed in 5.688802ms
[1773245663.676] DEBUG [spixelatuir::engine::worker] Worker: pipeline applied in 39.128135ms
[1773245663.682] DEBUG [spixelatuir::app] Received processed frame from worker
[1773245663.682] DEBUG [spixelatuir::app] Preview updated (384x512)
[1773245698.906] DEBUG [spixelatuir::app] Key press: Char('r') (modifiers: KeyModifiers(0x0)) in mode Normal
[1773245698.906] DEBUG [spixelatuir::app] Dispatching process: 2 enabled effect(s), proxy 384x512
[1773245698.906] DEBUG [spixelatuir::engine::worker] Worker: applying pipeline (2 effects) to 384x512 image
[1773245698.906] DEBUG [spixelatuir::effects] Pipeline step 0: applying Color(Invert)
[1773245698.927] DEBUG [spixelatuir::effects] Pipeline step 0: completed in 20.385919ms
[1773245698.927] DEBUG [spixelatuir::effects] Pipeline step 1: applying Color(ColorQuantization { levels: 4 })
[1773245698.937] DEBUG [spixelatuir::effects] Pipeline step 1: completed in 10.449838ms
[1773245698.937] DEBUG [spixelatuir::engine::worker] Worker: pipeline applied in 30.985035ms
[1773245698.943] DEBUG [spixelatuir::app] Received processed frame from worker
[1773245698.943] DEBUG [spixelatuir::app] Preview updated (384x512)
[1773245787.578] DEBUG [spixelatuir::app] Key press: Char('r') (modifiers: KeyModifiers(0x0)) in mode Normal
[1773245787.578] DEBUG [spixelatuir::app] Dispatching process: 3 enabled effect(s), proxy 384x512
[1773245787.578] DEBUG [spixelatuir::engine::worker] Worker: applying pipeline (3 effects) to 384x512 image
[1773245787.578] DEBUG [spixelatuir::effects] Pipeline step 0: applying Color(Saturation { factor: 0.16468458 })
[1773245787.596] DEBUG [spixelatuir::effects] Pipeline step 0: completed in 18.352359ms
[1773245787.597] DEBUG [spixelatuir::effects] Pipeline step 1: applying Color(Saturation { factor: 0.91408044 })
[1773245787.612] DEBUG [spixelatuir::effects] Pipeline step 1: completed in 15.278204ms
[1773245787.612] DEBUG [spixelatuir::effects] Pipeline step 2: applying Color(Saturation { factor: 0.9799543 })
[1773245787.626] DEBUG [spixelatuir::effects] Pipeline step 2: completed in 14.162232ms
[1773245787.626] DEBUG [spixelatuir::engine::worker] Worker: pipeline applied in 48.325561ms
[1773245787.637] DEBUG [spixelatuir::app] Received processed frame from worker
[1773245787.637] DEBUG [spixelatuir::app] Preview updated (384x512)
[1773245792.315] DEBUG [spixelatuir::app] Key press: Char('r') (modifiers: KeyModifiers(0x0)) in mode Normal
[1773245792.315] DEBUG [spixelatuir::app] Dispatching process: 3 enabled effect(s), proxy 384x512
[1773245792.315] DEBUG [spixelatuir::engine::worker] Worker: applying pipeline (3 effects) to 384x512 image
[1773245792.315] DEBUG [spixelatuir::effects] Pipeline step 0: applying Color(HueShift { degrees: 91.53845 })
[1773245792.336] DEBUG [spixelatuir::effects] Pipeline step 0: completed in 20.537394ms
[1773245792.336] DEBUG [spixelatuir::effects] Pipeline step 1: applying Glitch(Pixelate { block_size: 6 })
[1773245792.342] DEBUG [spixelatuir::effects] Pipeline step 1: completed in 6.024246ms
[1773245792.342] DEBUG [spixelatuir::effects] Pipeline step 2: applying Color(HueShift { degrees: 127.08391 })
[1773245792.357] DEBUG [spixelatuir::effects] Pipeline step 2: completed in 15.446388ms
[1773245792.357] DEBUG [spixelatuir::engine::worker] Worker: pipeline applied in 42.334315ms
[1773245792.363] DEBUG [spixelatuir::app] Received processed frame from worker
[1773245792.363] DEBUG [spixelatuir::app] Preview updated (384x512)
[1773245794.564] DEBUG [spixelatuir::app] Key press: Char('+') (modifiers: KeyModifiers(0x0)) in mode Normal
[1773245798.087] DEBUG [spixelatuir::app] Key press: Char(']') (modifiers: KeyModifiers(0x0)) in mode Normal
[1773245798.087] DEBUG [spixelatuir::app] Reloading proxy at 768px
[1773245798.955] DEBUG [spixelatuir::app] Dispatching process: 3 enabled effect(s), proxy 577x768
[1773245798.956] DEBUG [spixelatuir::engine::worker] Worker: applying pipeline (3 effects) to 577x768 image
[1773245798.956] DEBUG [spixelatuir::effects] Pipeline step 0: applying Color(HueShift { degrees: 91.53845 })
[1773245798.999] DEBUG [spixelatuir::effects] Pipeline step 0: completed in 43.180498ms
[1773245798.999] DEBUG [spixelatuir::effects] Pipeline step 1: applying Glitch(Pixelate { block_size: 6 })
[1773245799.012] DEBUG [spixelatuir::effects] Pipeline step 1: completed in 12.871178ms
[1773245799.012] DEBUG [spixelatuir::effects] Pipeline step 2: applying Color(HueShift { degrees: 127.08391 })
[1773245799.047] DEBUG [spixelatuir::effects] Pipeline step 2: completed in 34.470741ms
[1773245799.047] DEBUG [spixelatuir::engine::worker] Worker: pipeline applied in 90.820529ms
[1773245800.095] DEBUG [spixelatuir::app] Received processed frame from worker
[1773245800.095] DEBUG [spixelatuir::app] Preview updated (577x768)
[1773245802.405] DEBUG [spixelatuir::app] Key press: Char(']') (modifiers: KeyModifiers(0x0)) in mode Normal
[1773245802.405] DEBUG [spixelatuir::app] Reloading proxy at 1024px
[1773245803.329] DEBUG [spixelatuir::app] Dispatching process: 3 enabled effect(s), proxy 769x1024
[1773245803.330] DEBUG [spixelatuir::engine::worker] Worker: applying pipeline (3 effects) to 769x1024 image
[1773245803.330] DEBUG [spixelatuir::effects] Pipeline step 0: applying Color(HueShift { degrees: 91.53845 })
[1773245803.406] DEBUG [spixelatuir::effects] Pipeline step 0: completed in 76.462335ms
[1773245803.406] DEBUG [spixelatuir::effects] Pipeline step 1: applying Glitch(Pixelate { block_size: 6 })
[1773245803.429] DEBUG [spixelatuir::effects] Pipeline step 1: completed in 22.485493ms
[1773245803.429] DEBUG [spixelatuir::effects] Pipeline step 2: applying Color(HueShift { degrees: 127.08391 })
[1773245803.486] DEBUG [spixelatuir::effects] Pipeline step 2: completed in 56.835722ms
[1773245803.486] DEBUG [spixelatuir::engine::worker] Worker: pipeline applied in 156.20921ms
[1773245805.419] DEBUG [spixelatuir::app] Received processed frame from worker
[1773245805.419] DEBUG [spixelatuir::app] Preview updated (769x1024)
[1773245808.841] DEBUG [spixelatuir::app] Key press: Char('r') (modifiers: KeyModifiers(0x0)) in mode Normal
[1773245808.841] DEBUG [spixelatuir::app] Dispatching process: 3 enabled effect(s), proxy 769x1024
[1773245808.841] DEBUG [spixelatuir::engine::worker] Worker: applying pipeline (3 effects) to 769x1024 image
[1773245808.841] DEBUG [spixelatuir::effects] Pipeline step 0: applying Color(Saturation { factor: 0.46244967 })
[1773245808.922] DEBUG [spixelatuir::effects] Pipeline step 0: completed in 80.440471ms
[1773245808.922] DEBUG [spixelatuir::effects] Pipeline step 1: applying Color(Saturation { factor: 0.85000676 })
[1773245808.983] DEBUG [spixelatuir::effects] Pipeline step 1: completed in 60.973963ms
[1773245808.983] DEBUG [spixelatuir::effects] Pipeline step 2: applying Color(Saturation { factor: 0.74665576 })
[1773245809.044] DEBUG [spixelatuir::effects] Pipeline step 2: completed in 61.185266ms
[1773245809.045] DEBUG [spixelatuir::engine::worker] Worker: pipeline applied in 203.564307ms
[1773245809.059] DEBUG [spixelatuir::app] Received processed frame from worker
[1773245809.059] DEBUG [spixelatuir::app] Preview updated (769x1024)
[1773245810.923] DEBUG [spixelatuir::app] Key press: Char('r') (modifiers: KeyModifiers(0x0)) in mode Normal
[1773245810.924] DEBUG [spixelatuir::app] Dispatching process: 3 enabled effect(s), proxy 769x1024
[1773245810.924] DEBUG [spixelatuir::engine::worker] Worker: applying pipeline (3 effects) to 769x1024 image
[1773245810.924] DEBUG [spixelatuir::effects] Pipeline step 0: applying Color(ColorQuantization { levels: 2 })
[1773245810.984] DEBUG [spixelatuir::effects] Pipeline step 0: completed in 59.527581ms
[1773245810.984] DEBUG [spixelatuir::effects] Pipeline step 1: applying Color(Saturation { factor: 0.079797894 })
[1773245811.036] DEBUG [spixelatuir::effects] Pipeline step 1: completed in 52.285376ms
[1773245811.037] DEBUG [spixelatuir::effects] Pipeline step 2: applying Color(HueShift { degrees: 102.072365 })
[1773245811.082] DEBUG [spixelatuir::effects] Pipeline step 2: completed in 44.945754ms
[1773245811.082] DEBUG [spixelatuir::engine::worker] Worker: pipeline applied in 157.337999ms
[1773245811.096] DEBUG [spixelatuir::app] Received processed frame from worker
[1773245811.096] DEBUG [spixelatuir::app] Preview updated (769x1024)
[1773245819.271] DEBUG [spixelatuir::app] Key press: Char('q') (modifiers: KeyModifiers(0x0)) in mode Normal
[1773245823.952] DEBUG [spixelatuir::app] Key press: Char('y') (modifiers: KeyModifiers(0x0)) in mode ConfirmQuit
[1773245824.033] INFO [spixelatuir::engine::worker] Worker thread shutting down
[1773245824.035] DEBUG [spixelatuir] Restoring terminal
[1773245824.035] INFO [spixelatuir] SpixelaTUIr exiting
